This is pdfTeX, Version 3.14159265-2.6-1.40.21 (TeX Live 2020) (preloaded format=pdflatex 2021.2.1)  2 FEB 2021 00:11
entering extended mode
 restricted \write18 enabled.
 %&-line parsing enabled.
**/Users/tchavarria/Documents/GitHub/programacion-r-basico/_preamble.tex
(/Users/tchavarria/Documents/GitHub/programacion-r-basico/_preamble.tex
LaTeX2e <2020-10-01> patch level 4
L3 programming layer <2021-01-09> xparse <2020-03-03>

! LaTeX Error: \usepackage before \documentclass.

See the LaTeX manual or LaTeX Companion for explanation.
Type  H <return>  for immediate help.
 ...                                              
                                                  
l.5 \usepackage[spanish]{
                         babel} 
Here is how much of TeX's memory you used:
 18 strings out of 481234
 701 string characters out of 5913671
 266175 words of memory out of 5000000
 17062 multiletter control sequences out of 15000+600000
 403430 words of font info for 27 fonts, out of 8000000 for 9000
 14 hyphenation exceptions out of 8191
 13i,0n,15p,124b,14s stack positions out of 5000i,500n,10000p,200000b,80000s

!  ==> Fatal error occurred, no output PDF file produced!
